0 info it worked if it ends with ok
1 verbose cli [ '/home/raffi/.nvm/versions/node/v6.0.0/bin/node',
1 verbose cli   '/home/raffi/.nvm/versions/node/v6.0.0/bin/npm',
1 verbose cli   'run',
1 verbose cli   'watch' ]
2 info using npm@3.8.6
3 info using node@v6.0.0
4 verbose run-script [ 'prewatch', 'watch', 'postwatch' ]
5 info lifecycle pack@1.0.0~prewatch: pack@1.0.0
6 silly lifecycle pack@1.0.0~prewatch: no script for prewatch, continuing
7 info lifecycle pack@1.0.0~watch: pack@1.0.0
8 verbose lifecycle pack@1.0.0~watch: unsafe-perm in lifecycle true
9 verbose lifecycle pack@1.0.0~watch: PATH: /home/raffi/.nvm/versions/node/v6.0.0/lib/node_modules/npm/bin/node-gyp-bin:/home/raffi/Desktop/bootspackbp/node_modules/.bin:/home/raffi/.nvm/versions/node/v6.0.0/bin:/home/raffi/.nvm/versions/node/v6.0.0/bin:/home/raffi/bin:/home/raffi/.local/bin:/usr/local/sbin:/usr/local/bin:/usr/sbin:/usr/bin:/sbin:/bin:/usr/games:/usr/local/games:/snap/bin:/usr/lib/jvm/java-8-oracle/bin:/usr/lib/jvm/java-8-oracle/db/bin:/usr/lib/jvm/java-8-oracle/jre/bin:/home/raffi/go/bin:/home/raffi/Desktop/messaging-client/bin
10 verbose lifecycle pack@1.0.0~watch: CWD: /home/raffi/Desktop/bootspackbp
11 silly lifecycle pack@1.0.0~watch: Args: [ '-c', 'webpack-dev-server --open' ]
12 info lifecycle pack@1.0.0~watch: Failed to exec watch script
13 verbose stack Error: pack@1.0.0 watch: `webpack-dev-server --open`
13 verbose stack spawn ENOENT
13 verbose stack     at ChildProcess.<anonymous> (/home/raffi/.nvm/versions/node/v6.0.0/lib/node_modules/npm/lib/utils/spawn.js:17:16)
13 verbose stack     at emitTwo (events.js:106:13)
13 verbose stack     at ChildProcess.emit (events.js:191:7)
13 verbose stack     at maybeClose (internal/child_process.js:850:16)
13 verbose stack     at Process.ChildProcess._handle.onexit (internal/child_process.js:215:5)
14 verbose pkgid pack@1.0.0
15 verbose cwd /home/raffi/Desktop/bootspackbp
16 error Linux 4.8.0-54-generic
17 error argv "/home/raffi/.nvm/versions/node/v6.0.0/bin/node" "/home/raffi/.nvm/versions/node/v6.0.0/bin/npm" "run" "watch"
18 error node v6.0.0
19 error npm  v3.8.6
20 error file sh
21 error code ELIFECYCLE
22 error errno ENOENT
23 error syscall spawn
24 error pack@1.0.0 watch: `webpack-dev-server --open`
24 error spawn ENOENT
25 error Failed at the pack@1.0.0 watch script 'webpack-dev-server --open'.
25 error Make sure you have the latest version of node.js and npm installed.
25 error If you do, this is most likely a problem with the pack package,
25 error not with npm itself.
25 error Tell the author that this fails on your system:
25 error     webpack-dev-server --open
25 error You can get information on how to open an issue for this project with:
25 error     npm bugs pack
25 error Or if that isn't available, you can get their info via:
25 error     npm owner ls pack
25 error There is likely additional logging output above.
26 verbose exit [ 1, true ]
